app/build/intermediates/manifest_merge_blame_file/debug/manifest-merger-blame-debug-report.txt
1<?xml version="1.0" encoding="utf-8"?>
2<manifest xmlns:android="http://schemas.android.com/apk/res/android"
3    package="com.tps.challenge"
4    android:versionCode="1"
5    android:versionName="1.0" >
6
7    <uses-sdk
8        android:minSdkVersion="26"
8-->src/main/AndroidManifest.xml
9        android:targetSdkVersion="30" />
9-->src/main/AndroidManifest.xml
10
11    <uses-permission android:name="android.permission.INTERNET" />
11-->src/main/AndroidManifest.xml:5:5-67
11-->src/main/AndroidManifest.xml:5:22-64
12
13    <application
13-->src/main/AndroidManifest.xml:7:5-25:19
14        android:name="com.tps.challenge.TCApplication"
14-->src/main/AndroidManifest.xml:8:9-55
15        android:allowBackup="true"
15-->src/main/AndroidManifest.xml:9:9-35
16        android:appComponentFactory="androidx.core.app.CoreComponentFactory"
16-->[androidx.core:core:1.6.0] AndroidManifest.xml:24:18-86
17        android:debuggable="true"
18        android:extractNativeLibs="false"
19        android:fullBackupContent="true"
19-->src/main/AndroidManifest.xml:10:9-41
20        android:icon="@mipmap/ic_launcher"
20-->src/main/AndroidManifest.xml:11:9-43
21        android:label="@string/app_name"
21-->src/main/AndroidManifest.xml:12:9-41
22        android:roundIcon="@mipmap/ic_launcher_round"
22-->src/main/AndroidManifest.xml:13:9-54
23        android:supportsRtl="true"
23-->src/main/AndroidManifest.xml:14:9-35
24        android:testOnly="true"
25        android:theme="@style/Theme.TechnicalChallenge" >
25-->src/main/AndroidManifest.xml:15:9-56
26        <activity
26-->src/main/AndroidManifest.xml:16:9-24:20
27            android:name="com.tps.challenge.MainActivity"
27-->src/main/AndroidManifest.xml:17:13-41
28            android:exported="true" >
28-->src/main/AndroidManifest.xml:18:13-36
29            <intent-filter>
29-->src/main/AndroidManifest.xml:19:13-23:29
30                <action android:name="android.intent.action.MAIN" />
30-->src/main/AndroidManifest.xml:20:17-69
30-->src/main/AndroidManifest.xml:20:25-66
31
32                <category android:name="android.intent.category.LAUNCHER" />
32-->src/main/AndroidManifest.xml:22:17-77
32-->src/main/AndroidManifest.xml:22:27-74
33            </intent-filter>
34        </activity>
35
36        <provider
36-->[com.squareup.picasso:picasso:2.71828] AndroidManifest.xml:8:9-11:40
37            android:name="com.squareup.picasso.PicassoProvider"
37-->[com.squareup.picasso:picasso:2.71828] AndroidManifest.xml:9:13-64
38            android:authorities="com.tps.challenge.com.squareup.picasso"
38-->[com.squareup.picasso:picasso:2.71828] AndroidManifest.xml:10:13-72
39            android:exported="false" />
39-->[com.squareup.picasso:picasso:2.71828] AndroidManifest.xml:11:13-37
40        <provider
40-->[androidx.lifecycle:lifecycle-process:2.2.0] AndroidManifest.xml:25:9-29:43
41            android:name="androidx.lifecycle.ProcessLifecycleOwnerInitializer"
41-->[androidx.lifecycle:lifecycle-process:2.2.0] AndroidManifest.xml:26:13-79
42            android:authorities="com.tps.challenge.lifecycle-process"
42-->[androidx.lifecycle:lifecycle-process:2.2.0] AndroidManifest.xml:27:13-69
43            android:exported="false"
43-->[androidx.lifecycle:lifecycle-process:2.2.0] AndroidManifest.xml:28:13-37
44            android:multiprocess="true" />
44-->[androidx.lifecycle:lifecycle-process:2.2.0] AndroidManifest.xml:29:13-40
45        <provider
45-->[androidx.profileinstaller:profileinstaller:1.0.1] AndroidManifest.xml:26:9-34:20
46            android:name="androidx.startup.InitializationProvider"
46-->[androidx.profileinstaller:profileinstaller:1.0.1] AndroidManifest.xml:27:13-67
47            android:authorities="com.tps.challenge.androidx-startup"
47-->[androidx.profileinstaller:profileinstaller:1.0.1] AndroidManifest.xml:28:13-68
48            android:exported="false" >
48-->[androidx.profileinstaller:profileinstaller:1.0.1] AndroidManifest.xml:29:13-37
49            <meta-data
49-->[androidx.profileinstaller:profileinstaller:1.0.1] AndroidManifest.xml:31:13-33:52
50                android:name="androidx.profileinstaller.ProfileInstallerInitializer"
50-->[androidx.profileinstaller:profileinstaller:1.0.1] AndroidManifest.xml:32:17-85
51                android:value="androidx.startup" />
51-->[androidx.profileinstaller:profileinstaller:1.0.1] AndroidManifest.xml:33:17-49
52        </provider>
53
54        <receiver
54-->[androidx.profileinstaller:profileinstaller:1.0.1] AndroidManifest.xml:36:9-45:20
55            android:name="androidx.profileinstaller.ProfileInstallReceiver"
55-->[androidx.profileinstaller:profileinstaller:1.0.1] AndroidManifest.xml:37:13-76
56            android:directBootAware="false"
56-->[androidx.profileinstaller:profileinstaller:1.0.1] AndroidManifest.xml:38:13-44
57            android:enabled="true"
57-->[androidx.profileinstaller:profileinstaller:1.0.1] AndroidManifest.xml:39:13-35
58            android:exported="true"
58-->[androidx.profileinstaller:profileinstaller:1.0.1] AndroidManifest.xml:40:13-36
59            android:permission="android.permission.DUMP" >
59-->[androidx.profileinstaller:profileinstaller:1.0.1] AndroidManifest.xml:41:13-57
60            <intent-filter>
60-->[androidx.profileinstaller:profileinstaller:1.0.1] AndroidManifest.xml:42:13-44:29
61                <action android:name="androidx.profileinstaller.action.INSTALL_PROFILE" />
61-->[androidx.profileinstaller:profileinstaller:1.0.1] AndroidManifest.xml:43:17-91
61-->[androidx.profileinstaller:profileinstaller:1.0.1] AndroidManifest.xml:43:25-88
62            </intent-filter>
63        </receiver>
64    </application>
65
66</manifest>